Added Component: Designator=*1(EL357)
Added Component: Designator=*2(EL357)
Added Component: Designator=*3(EL357)
Added Component: Designator=*4(EL357)
Added Component: Designator=*5(EL357)
Added Component: Designator=*6(EL357)
Added Component: Designator=C1(1608[0603])
Added Component: Designator=C2(1608[0603])
Added Component: Designator=C3(1608[0603])
Added Component: Designator=C4(1608[0603])
Added Component: Designator=C5(1608[0603])
Added Component: Designator=C6(1608[0603])
Added Component: Designator=C7(1608[0603])
Added Component: Designator=C8(1608[0603])
Added Component: Designator=C9(1608[0603])
Added Component: Designator=Q1(TO-252AA_M)
Added Component: Designator=Q2(TO-252AA_M)
Added Component: Designator=Q3(SOT-23)
Added Component: Designator=Q4(TO-252AA_M)
Added Component: Designator=Q5(TO-252AA_M)
Added Component: Designator=Q6(SOT-23)
Added Component: Designator=Q7(TO-252AA_M)
Added Component: Designator=Q8(TO-252AA_M)
Added Component: Designator=Q9(SOT-23)
Added Component: Designator=Q10(TO-252AA_M)
Added Component: Designator=Q11(TO-252AA_M)
Added Component: Designator=Q12(SOT-23)
Added Component: Designator=R1(0603-r)
Added Component: Designator=R2(0603-r)
Added Component: Designator=R3(0603-r)
Added Component: Designator=R4(0603-r)
Added Component: Designator=R5(0603-r)
Added Component: Designator=R6(0603-r)
Added Component: Designator=R7(0603-r)
Added Component: Designator=R8(0603-r)
Added Component: Designator=R9(0603-r)
Added Component: Designator=R10(0603-r)
Added Component: Designator=R11(0603-r)
Added Component: Designator=R12(0603-r)
Added Component: Designator=R13(0603-r)
Added Component: Designator=R14(0603-r)
Added Component: Designator=R15(0603-r)
Added Component: Designator=R16(0603-r)
Added Component: Designator=R17(0603-r)
Added Component: Designator=R18(0603-r)
Added Component: Designator=R19(0603-r)
Added Component: Designator=R20(0603-r)
Added Component: Designator=R21(0603-r)
Added Component: Designator=R22(0603-r)
Added Component: Designator=R23(0603-r)
Added Component: Designator=R24(0603-r)
Added Component: Designator=R25(0603-r)
Added Component: Designator=R26(0603-r)
Added Component: Designator=R27(0603-r)
Added Component: Designator=R28(0603-r)
Added Component: Designator=R29(0603-r)
Added Component: Designator=R30(0603-r)
Added Component: Designator=R31(0603-r)
Added Component: Designator=R32(0603-r)
Added Component: Designator=R33(0603-r)
Added Component: Designator=R34(0603-r)
Added Component: Designator=U1(SO-14)
Added Component: Designator=U2(SO-14)
Added Component: Designator=U3(SO-14)
Added Component: Designator=U4(SO-8)
Added Component: Designator=U5(SO-8)
Added Pin To Net: NetName=4Y Pin=U1-11
Added Pin To Net: NetName=4Y Pin=U3-4
Added Net: Name=4Y
Added Pin To Net: NetName=12V Pin=Q1-4
Added Pin To Net: NetName=12V Pin=Q4-4
Added Pin To Net: NetName=12V Pin=Q7-4
Added Pin To Net: NetName=12V Pin=Q10-4
Added Pin To Net: NetName=12V Pin=R14-2
Added Pin To Net: NetName=12V Pin=R17-2
Added Pin To Net: NetName=12V Pin=R20-2
Added Pin To Net: NetName=12V Pin=R22-2
Added Net: Name=12V
Added Pin To Net: NetName=AENA Pin=*1-3
Added Pin To Net: NetName=AENA Pin=R7-1
Added Pin To Net: NetName=AENA Pin=U1-1
Added Pin To Net: NetName=AENA Pin=U1-2
Added Pin To Net: NetName=AENA Pin=U1-4
Added Pin To Net: NetName=AENA Pin=U1-5
Added Pin To Net: NetName=AENA Pin=U2-1
Added Pin To Net: NetName=AENA Pin=U2-2
Added Pin To Net: NetName=AENA Pin=U2-13
Added Net: Name=AENA
Added Pin To Net: NetName=AENB Pin=*1-4
Added Pin To Net: NetName=AENB Pin=*2-4
Added Pin To Net: NetName=AENB Pin=*3-4
Added Pin To Net: NetName=AENB Pin=*4-4
Added Pin To Net: NetName=AENB Pin=*5-4
Added Pin To Net: NetName=AENB Pin=*6-4
Added Pin To Net: NetName=AENB Pin=C1-2
Added Pin To Net: NetName=AENB Pin=C2-2
Added Pin To Net: NetName=AENB Pin=C3-2
Added Pin To Net: NetName=AENB Pin=C4-2
Added Pin To Net: NetName=AENB Pin=C7-2
Added Pin To Net: NetName=AENB Pin=U1-9
Added Pin To Net: NetName=AENB Pin=U1-10
Added Pin To Net: NetName=AENB Pin=U1-12
Added Pin To Net: NetName=AENB Pin=U1-13
Added Pin To Net: NetName=AENB Pin=U1-14
Added Pin To Net: NetName=AENB Pin=U2-14
Added Pin To Net: NetName=AENB Pin=U3-1
Added Pin To Net: NetName=AENB Pin=U3-2
Added Pin To Net: NetName=AENB Pin=U3-13
Added Pin To Net: NetName=AENB Pin=U3-14
Added Pin To Net: NetName=AENB Pin=U4-8
Added Pin To Net: NetName=AENB Pin=U5-8
Added Net: Name=AENB
Added Pin To Net: NetName=AGND1 Pin=Q2-3
Added Pin To Net: NetName=AGND1 Pin=Q5-3
Added Pin To Net: NetName=AGND1 Pin=R31-2
Added Pin To Net: NetName=AGND1 Pin=R34-2
Added Pin To Net: NetName=AGND1 Pin=U4-1
Added Pin To Net: NetName=AGND1 Pin=U4-2
Added Net: Name=AGND1
Added Pin To Net: NetName=AGND2 Pin=Q8-3
Added Pin To Net: NetName=AGND2 Pin=Q11-3
Added Pin To Net: NetName=AGND2 Pin=R32-2
Added Pin To Net: NetName=AGND2 Pin=R33-2
Added Pin To Net: NetName=AGND2 Pin=U5-1
Added Pin To Net: NetName=AGND2 Pin=U5-2
Added Net: Name=AGND2
Added Pin To Net: NetName=AIN1 Pin=*3-3
Added Pin To Net: NetName=AIN1 Pin=R9-1
Added Pin To Net: NetName=AIN1 Pin=U2-5
Added Net: Name=AIN1
Added Pin To Net: NetName=AIN2 Pin=*5-3
Added Pin To Net: NetName=AIN2 Pin=R11-1
Added Pin To Net: NetName=AIN2 Pin=U2-12
Added Net: Name=AIN2
Added Pin To Net: NetName=AIN3 Pin=*4-3
Added Pin To Net: NetName=AIN3 Pin=R10-1
Added Pin To Net: NetName=AIN3 Pin=U3-5
Added Net: Name=AIN3
Added Pin To Net: NetName=AIN4 Pin=*6-3
Added Pin To Net: NetName=AIN4 Pin=R12-1
Added Pin To Net: NetName=AIN4 Pin=U3-12
Added Net: Name=AIN4
Added Pin To Net: NetName=CC1 Pin=C6-2
Added Pin To Net: NetName=CC1 Pin=R26-2
Added Pin To Net: NetName=CC1 Pin=R31-1
Added Net: Name=CC1
Added Pin To Net: NetName=CC2 Pin=C9-2
Added Pin To Net: NetName=CC2 Pin=R29-2
Added Pin To Net: NetName=CC2 Pin=R32-1
Added Net: Name=CC2
Added Pin To Net: NetName=ENA Pin=*1-2
Added Net: Name=ENA
Added Pin To Net: NetName=ENB Pin=*2-2
Added Net: Name=ENB
Added Pin To Net: NetName=GND Pin=C1-1
Added Pin To Net: NetName=GND Pin=C2-1
Added Pin To Net: NetName=GND Pin=C3-1
Added Pin To Net: NetName=GND Pin=C4-1
Added Pin To Net: NetName=GND Pin=C5-1
Added Pin To Net: NetName=GND Pin=C6-1
Added Pin To Net: NetName=GND Pin=C7-1
Added Pin To Net: NetName=GND Pin=C8-1
Added Pin To Net: NetName=GND Pin=C9-1
Added Pin To Net: NetName=GND Pin=Q3-1
Added Pin To Net: NetName=GND Pin=Q6-1
Added Pin To Net: NetName=GND Pin=Q9-1
Added Pin To Net: NetName=GND Pin=Q12-1
Added Pin To Net: NetName=GND Pin=R7-2
Added Pin To Net: NetName=GND Pin=R8-2
Added Pin To Net: NetName=GND Pin=R9-2
Added Pin To Net: NetName=GND Pin=R10-2
Added Pin To Net: NetName=GND Pin=R11-2
Added Pin To Net: NetName=GND Pin=R12-2
Added Pin To Net: NetName=GND Pin=R27-1
Added Pin To Net: NetName=GND Pin=R30-1
Added Pin To Net: NetName=GND Pin=R33-1
Added Pin To Net: NetName=GND Pin=R34-1
Added Pin To Net: NetName=GND Pin=U1-7
Added Pin To Net: NetName=GND Pin=U2-7
Added Pin To Net: NetName=GND Pin=U3-7
Added Pin To Net: NetName=GND Pin=U4-3
Added Pin To Net: NetName=GND Pin=U4-4
Added Pin To Net: NetName=GND Pin=U4-5
Added Pin To Net: NetName=GND Pin=U5-3
Added Pin To Net: NetName=GND Pin=U5-4
Added Pin To Net: NetName=GND Pin=U5-5
Added Net: Name=GND
Added Pin To Net: NetName=H1 Pin=R13-1
Added Pin To Net: NetName=H1 Pin=U2-3
Added Net: Name=H1
Added Pin To Net: NetName=H2 Pin=Q2-1
Added Pin To Net: NetName=H2 Pin=U2-6
Added Net: Name=H2
Added Pin To Net: NetName=H3 Pin=R16-1
Added Pin To Net: NetName=H3 Pin=U1-6
Added Net: Name=H3
Added Pin To Net: NetName=H4 Pin=Q5-1
Added Pin To Net: NetName=H4 Pin=U2-11
Added Net: Name=H4
Added Pin To Net: NetName=H5 Pin=R19-1
Added Pin To Net: NetName=H5 Pin=U3-3
Added Net: Name=H5
Added Pin To Net: NetName=H6 Pin=Q8-1
Added Pin To Net: NetName=H6 Pin=U3-6
Added Net: Name=H6
Added Pin To Net: NetName=H7 Pin=R24-1
Added Pin To Net: NetName=H7 Pin=U1-8
Added Net: Name=H7
Added Pin To Net: NetName=H8 Pin=Q11-1
Added Pin To Net: NetName=H8 Pin=U3-11
Added Net: Name=H8
Added Pin To Net: NetName=IN1 Pin=*3-2
Added Net: Name=IN1
Added Pin To Net: NetName=IN2 Pin=*5-2
Added Net: Name=IN2
Added Pin To Net: NetName=IN3 Pin=*4-2
Added Net: Name=IN3
Added Pin To Net: NetName=IN4 Pin=*6-2
Added Net: Name=IN4
Added Pin To Net: NetName=MOTA1 Pin=Q1-3
Added Pin To Net: NetName=MOTA1 Pin=Q2-4
Added Net: Name=MOTA1
Added Pin To Net: NetName=MOTA2 Pin=Q4-3
Added Pin To Net: NetName=MOTA2 Pin=Q5-4
Added Net: Name=MOTA2
Added Pin To Net: NetName=MOTB1 Pin=Q7-3
Added Pin To Net: NetName=MOTB1 Pin=Q8-4
Added Net: Name=MOTB1
Added Pin To Net: NetName=MOTB2 Pin=Q10-3
Added Pin To Net: NetName=MOTB2 Pin=Q11-4
Added Net: Name=MOTB2
Added Pin To Net: NetName=Net*1_1 Pin=*1-1
Added Pin To Net: NetName=Net*1_1 Pin=R1-2
Added Net: Name=Net*1_1
Added Pin To Net: NetName=Net*2_1 Pin=*2-1
Added Pin To Net: NetName=Net*2_1 Pin=R2-2
Added Net: Name=Net*2_1
Added Pin To Net: NetName=Net*2_3 Pin=*2-3
Added Pin To Net: NetName=Net*2_3 Pin=R8-1
Added Net: Name=Net*2_3
Added Pin To Net: NetName=Net*3_1 Pin=*3-1
Added Pin To Net: NetName=Net*3_1 Pin=R3-2
Added Net: Name=Net*3_1
Added Pin To Net: NetName=Net*4_1 Pin=*4-1
Added Pin To Net: NetName=Net*4_1 Pin=R4-2
Added Net: Name=Net*4_1
Added Pin To Net: NetName=Net*5_1 Pin=*5-1
Added Pin To Net: NetName=Net*5_1 Pin=R5-2
Added Net: Name=Net*5_1
Added Pin To Net: NetName=Net*6_1 Pin=*6-1
Added Pin To Net: NetName=Net*6_1 Pin=R6-2
Added Net: Name=Net*6_1
Added Pin To Net: NetName=NetC5_2 Pin=C5-2
Added Pin To Net: NetName=NetC5_2 Pin=U4-6
Added Net: Name=NetC5_2
Added Pin To Net: NetName=NetC8_2 Pin=C8-2
Added Pin To Net: NetName=NetC8_2 Pin=U5-6
Added Net: Name=NetC8_2
Added Pin To Net: NetName=NetQ1_1 Pin=Q1-1
Added Pin To Net: NetName=NetQ1_1 Pin=R15-2
Added Net: Name=NetQ1_1
Added Pin To Net: NetName=NetQ3_2 Pin=Q3-2
Added Pin To Net: NetName=NetQ3_2 Pin=R13-2
Added Net: Name=NetQ3_2
Added Pin To Net: NetName=NetQ3_3 Pin=Q3-3
Added Pin To Net: NetName=NetQ3_3 Pin=R14-1
Added Pin To Net: NetName=NetQ3_3 Pin=R15-1
Added Net: Name=NetQ3_3
Added Pin To Net: NetName=NetQ4_1 Pin=Q4-1
Added Pin To Net: NetName=NetQ4_1 Pin=R18-2
Added Net: Name=NetQ4_1
Added Pin To Net: NetName=NetQ6_2 Pin=Q6-2
Added Pin To Net: NetName=NetQ6_2 Pin=R16-2
Added Net: Name=NetQ6_2
Added Pin To Net: NetName=NetQ6_3 Pin=Q6-3
Added Pin To Net: NetName=NetQ6_3 Pin=R17-1
Added Pin To Net: NetName=NetQ6_3 Pin=R18-1
Added Net: Name=NetQ6_3
Added Pin To Net: NetName=NetQ7_1 Pin=Q7-1
Added Pin To Net: NetName=NetQ7_1 Pin=R21-2
Added Net: Name=NetQ7_1
Added Pin To Net: NetName=NetQ9_2 Pin=Q9-2
Added Pin To Net: NetName=NetQ9_2 Pin=R19-2
Added Net: Name=NetQ9_2
Added Pin To Net: NetName=NetQ9_3 Pin=Q9-3
Added Pin To Net: NetName=NetQ9_3 Pin=R20-1
Added Pin To Net: NetName=NetQ9_3 Pin=R21-1
Added Net: Name=NetQ9_3
Added Pin To Net: NetName=NetQ10_1 Pin=Q10-1
Added Pin To Net: NetName=NetQ10_1 Pin=R23-2
Added Net: Name=NetQ10_1
Added Pin To Net: NetName=NetQ12_2 Pin=Q12-2
Added Pin To Net: NetName=NetQ12_2 Pin=R24-2
Added Net: Name=NetQ12_2
Added Pin To Net: NetName=NetQ12_3 Pin=Q12-3
Added Pin To Net: NetName=NetQ12_3 Pin=R22-1
Added Pin To Net: NetName=NetQ12_3 Pin=R23-1
Added Net: Name=NetQ12_3
Added Pin To Net: NetName=NetR25_1 Pin=R25-1
Added Pin To Net: NetName=NetR25_1 Pin=U4-7
Added Net: Name=NetR25_1
Added Pin To Net: NetName=NetR25_2 Pin=R25-2
Added Pin To Net: NetName=NetR25_2 Pin=R26-1
Added Pin To Net: NetName=NetR25_2 Pin=R27-2
Added Net: Name=NetR25_2
Added Pin To Net: NetName=NetR28_1 Pin=R28-1
Added Pin To Net: NetName=NetR28_1 Pin=U5-7
Added Net: Name=NetR28_1
Added Pin To Net: NetName=NetR28_2 Pin=R28-2
Added Pin To Net: NetName=NetR28_2 Pin=R29-1
Added Pin To Net: NetName=NetR28_2 Pin=R30-2
Added Net: Name=NetR28_2
Added Pin To Net: NetName=NetU1_3 Pin=U1-3
Added Pin To Net: NetName=NetU1_3 Pin=U2-4
Added Net: Name=NetU1_3
Added Pin To Net: NetName=VCC Pin=R1-1
Added Pin To Net: NetName=VCC Pin=R2-1
Added Pin To Net: NetName=VCC Pin=R3-1
Added Pin To Net: NetName=VCC Pin=R4-1
Added Pin To Net: NetName=VCC Pin=R5-1
Added Pin To Net: NetName=VCC Pin=R6-1
Added Net: Name=VCC
Added Class: Name=电机驱动―加密版
Added Room: Name=电机驱动―加密版
